<?xml version="1.0" encoding="UTF-8"?>
<testng-results skipped="0" failed="0" total="1" passed="1">
  <reporter-output>
  </reporter-output>
  <suite name="Surefire suite" duration-ms="4548" started-at="2022-07-15T09:15:22Z" finished-at="2022-07-15T09:15:27Z">
    <groups>
      <group name="All">
        <method signature="TestAmazonHomepage.AmazonLandPage()[pri:0, instance:AmazonTestPackage.TestAmazonHomepage@5d5eef3d]" name="AmazonLandPage" class="AmazonTestPackage.TestAmazonHomepage"/>
      </group> <!-- All -->
      <group name="Regression">
        <method signature="TestAmazonHomepage.AmazonLandPage()[pri:0, instance:AmazonTestPackage.TestAmazonHomepage@5d5eef3d]" name="AmazonLandPage" class="AmazonTestPackage.TestAmazonHomepage"/>
      </group> <!-- Regression -->
    </groups>
    <test name="Surefire test" duration-ms="4548" started-at="2022-07-15T09:15:22Z" finished-at="2022-07-15T09:15:27Z">
      <class name="AmazonTestPackage.TestAmazonHomepage">
        <test-method status="PASS" signature="extentSetup()[pri:0, instance:AmazonTestPackage.TestAmazonHomepage@5d5eef3d]" test-instance-name="" name="extentSetup" is-config="true" duration-ms="209" started-at="2022-07-15T05:15:22Z" finished-at="2022-07-15T05:15:22Z">
          <reporter-output>
          </reporter-output>
        </test-method> <!-- extentSetup -->
        <test-method status="PASS" signature="setup(java.lang.String, java.lang.String)[pri:0, instance:AmazonTestPackage.TestAmazonHomepage@5d5eef3d]" test-instance-name="" name="setup" is-config="true" duration-ms="4303" started-at="2022-07-15T05:15:22Z" finished-at="2022-07-15T05:15:26Z">
          <params>
            <param index="0">
              <value>
                <![CDATA[Chrome]]>
              </value>
            </param>
            <param index="1">
              <value>
                <![CDATA[https://www.amazon.com]]>
              </value>
            </param>
          </params>
          <reporter-output>
          </reporter-output>
        </test-method> <!-- setup -->
        <test-method status="PASS" signature="AmazonLandPage()[pri:0, instance:AmazonTestPackage.TestAmazonHomepage@5d5eef3d]" test-instance-name="" name="AmazonLandPage" duration-ms="3" started-at="2022-07-15T05:15:26Z" finished-at="2022-07-15T05:15:26Z">
          <reporter-output>
          </reporter-output>
        </test-method> <!-- AmazonLandPage -->
        <test-method status="PASS" signature="cleanup()[pri:0, instance:AmazonTestPackage.TestAmazonHomepage@5d5eef3d]" test-instance-name="" name="cleanup" is-config="true" duration-ms="234" started-at="2022-07-15T05:15:26Z" finished-at="2022-07-15T05:15:27Z">
          <reporter-output>
          </reporter-output>
        </test-method> <!-- cleanup -->
        <test-method status="PASS" signature="AfterMethodExtent()[pri:0, instance:AmazonTestPackage.TestAmazonHomepage@5d5eef3d]" test-instance-name="" name="AfterMethodExtent" is-config="true" duration-ms="406" started-at="2022-07-15T05:15:27Z" finished-at="2022-07-15T05:15:27Z">
          <reporter-output>
          </reporter-output>
        </test-method> <!-- AfterMethodExtent -->
      </class> <!-- AmazonTestPackage.TestAmazonHomepage -->
    </test> <!-- Surefire test -->
  </suite> <!-- Surefire suite -->
</testng-results>
