<?xml version="1.0" encoding="UTF-8"?>
<testng-results skipped="0" failed="0" total="1" passed="1">
  <reporter-output>
  </reporter-output>
  <suite name="Surefire suite" duration-ms="4370" started-at="2022-07-22T12:09:08Z" finished-at="2022-07-22T12:09:12Z">
    <groups>
      <group name="All">
        <method signature="TestAmazonHomepage.AmazonLandPage()[pri:0, instance:test.TestAmazonHomepage@5d5eef3d]" name="AmazonLandPage" class="test.TestAmazonHomepage"/>
      </group> <!-- All -->
      <group name="Regression">
        <method signature="TestAmazonHomepage.AmazonLandPage()[pri:0, instance:test.TestAmazonHomepage@5d5eef3d]" name="AmazonLandPage" class="test.TestAmazonHomepage"/>
      </group> <!-- Regression -->
    </groups>
    <test name="Surefire test" duration-ms="4370" started-at="2022-07-22T12:09:08Z" finished-at="2022-07-22T12:09:12Z">
      <class name="test.TestAmazonHomepage">
        <test-method status="PASS" signature="extentSetup()[pri:0, instance:test.TestAmazonHomepage@5d5eef3d]" test-instance-name="" name="extentSetup" is-config="true" duration-ms="197" started-at="2022-07-22T08:09:07Z" finished-at="2022-07-22T08:09:08Z">
          <reporter-output>
          </reporter-output>
        </test-method> <!-- extentSetup -->
        <test-method status="PASS" signature="setup(java.lang.String, java.lang.String)[pri:0, instance:test.TestAmazonHomepage@5d5eef3d]" test-instance-name="" name="setup" is-config="true" duration-ms="4090" started-at="2022-07-22T08:09:08Z" finished-at="2022-07-22T08:09:12Z">
          <params>
            <param index="0">
              <value>
                <![CDATA[Chrome]]>
              </value>
            </param>
            <param index="1">
              <value>
                <![CDATA[https://www.amazon.com/]]>
              </value>
            </param>
          </params>
          <reporter-output>
          </reporter-output>
        </test-method> <!-- setup -->
        <test-method status="PASS" signature="AmazonLandPage()[pri:0, instance:test.TestAmazonHomepage@5d5eef3d]" test-instance-name="" name="AmazonLandPage" duration-ms="0" started-at="2022-07-22T08:09:12Z" finished-at="2022-07-22T08:09:12Z">
          <reporter-output>
          </reporter-output>
        </test-method> <!-- AmazonLandPage -->
        <test-method status="PASS" signature="cleanup()[pri:0, instance:test.TestAmazonHomepage@5d5eef3d]" test-instance-name="" name="cleanup" is-config="true" duration-ms="264" started-at="2022-07-22T08:09:12Z" finished-at="2022-07-22T08:09:12Z">
          <reporter-output>
          </reporter-output>
        </test-method> <!-- cleanup -->
        <test-method status="PASS" signature="AfterMethodExtent()[pri:0, instance:test.TestAmazonHomepage@5d5eef3d]" test-instance-name="" name="AfterMethodExtent" is-config="true" duration-ms="456" started-at="2022-07-22T08:09:12Z" finished-at="2022-07-22T08:09:12Z">
          <reporter-output>
          </reporter-output>
        </test-method> <!-- AfterMethodExtent -->
      </class> <!-- test.TestAmazonHomepage -->
    </test> <!-- Surefire test -->
  </suite> <!-- Surefire suite -->
</testng-results>
