<?xml version="1.0" encoding="UTF-8"?>
<testng-results skipped="0" failed="0" total="1" passed="1">
  <reporter-output>
  </reporter-output>
  <suite name="Surefire suite" duration-ms="21" started-at="2022-07-18T13:55:16Z" finished-at="2022-07-18T13:55:16Z">
    <groups>
    </groups>
    <test name="Surefire test" duration-ms="21" started-at="2022-07-18T13:55:16Z" finished-at="2022-07-18T13:55:16Z">
      <class name="GoogleTestPackage.TestGoogleHomepage">
        <test-method status="PASS" signature="GoogleWelcome()[pri:0, instance:GoogleTestPackage.TestGoogleHomepage@2669b199]" name="GoogleWelcome" duration-ms="8" started-at="2022-07-18T09:55:16Z" finished-at="2022-07-18T09:55:16Z">
          <reporter-output>
          </reporter-output>
        </test-method> <!-- GoogleWelcome -->
      </class> <!-- GoogleTestPackage.TestGoogleHomepage -->
    </test> <!-- Surefire test -->
  </suite> <!-- Surefire suite -->
</testng-results>
